2025-01-13 02:24:25,566 - INFO - Using size strategy: 10.00MB per archive
2025-01-13 02:24:27,069 - INFO - consumer-1: Created archive archive_20250113_022425_0001.tar with 520 files (10.01MB)
2025-01-13 02:24:27,085 - INFO - consumer-2: Created archive archive_20250113_022425_0002.tar with 511 files (10.00MB)
2025-01-13 02:24:27,148 - INFO - consumer-3: Created archive archive_20250113_022425_0003.tar with 511 files (10.02MB)
2025-01-13 02:24:27,219 - INFO - consumer-5: Created archive archive_20250113_022425_0005.tar with 510 files (10.01MB)
2025-01-13 02:24:27,260 - INFO - consumer-4: Created archive archive_20250113_022425_0004.tar with 518 files (10.01MB)
2025-01-13 02:24:28,322 - INFO - consumer-3: Created archive archive_20250113_022425_0008.tar with 529 files (10.02MB)
2025-01-13 02:24:28,332 - INFO - consumer-1: Created archive archive_20250113_022425_0006.tar with 536 files (10.01MB)
2025-01-13 02:24:28,347 - INFO - consumer-2: Created archive archive_20250113_022425_0007.tar with 500 files (10.01MB)
2025-01-13 02:24:28,381 - INFO - consumer-4: Created archive archive_20250113_022425_0010.tar with 501 files (10.01MB)
2025-01-13 02:24:28,384 - INFO - consumer-5: Created archive archive_20250113_022425_0009.tar with 501 files (10.01MB)
2025-01-13 02:24:29,552 - INFO - consumer-2: Created archive archive_20250113_022425_0013.tar with 534 files (10.02MB)
2025-01-13 02:24:29,558 - INFO - consumer-3: Created archive archive_20250113_022425_0011.tar with 553 files (10.03MB)
2025-01-13 02:24:29,569 - INFO - consumer-4: Created archive archive_20250113_022425_0014.tar with 505 files (10.01MB)
2025-01-13 02:24:29,573 - INFO - consumer-1: Created archive archive_20250113_022425_0012.tar with 521 files (10.02MB)
2025-01-13 02:24:29,675 - INFO - consumer-5: Created archive archive_20250113_022425_0015.tar with 507 files (10.00MB)
2025-01-13 02:24:30,497 - INFO - consumer-5: Created archive archive_20250113_022425_0020.tar with 237 files (4.53MB)
2025-01-13 02:24:30,634 - INFO - consumer-2: Created archive archive_20250113_022425_0016.tar with 519 files (10.02MB)
2025-01-13 02:24:30,667 - INFO - consumer-3: Created archive archive_20250113_022425_0017.tar with 526 files (10.01MB)
2025-01-13 02:24:30,672 - INFO - consumer-1: Created archive archive_20250113_022425_0019.tar with 509 files (10.00MB)
2025-01-13 02:24:30,692 - INFO - consumer-4: Created archive archive_20250113_022425_0018.tar with 512 files (10.00MB)
2025-01-13 02:24:30,693 - INFO - ####################################
2025-01-13 02:24:30,693 - INFO - Archival process completed in 5s seconds
2025-01-13 02:24:30,693 - INFO - Start_time: 20250113_022425
2025-01-13 02:24:30,693 - INFO - Source path:  /data/nfsshare/fs1/d0001
2025-01-13 02:24:30,693 - INFO - Destination bucket:  your-own-dest-bucket
2025-01-13 02:24:30,693 - INFO - Destination path:  day20250113-2
2025-01-13 02:24:30,693 - INFO - Total files processed: 10,060
2025-01-13 02:24:30,693 - INFO - Failed files: 0
2025-01-13 02:24:30,693 - INFO - Total tar files created: 20
2025-01-13 02:24:30,693 - INFO - Total manifest files created: 20
2025-01-13 02:24:30,693 - INFO - Total bytes transferred: 194.73MB
2025-01-13 02:24:30,693 - INFO - Average transfer rate: 37.98MB/s
2025-01-13 02:24:30,693 - INFO - ####################################
